0 info it worked if it ends with ok
1 verbose cli [ 'C:\\Program Files (x86)\\node-v7.3.0\\node.exe',
1 verbose cli   'C:\\Program Files (x86)\\node-v7.3.0\\node_modules\\npm\\bin\\npm-cli.js',
1 verbose cli   'install',
1 verbose cli   '-g',
1 verbose cli   'babel' ]
2 info using npm@3.10.10
3 info using node@v7.3.0
4 silly loadCurrentTree Starting
5 silly install loadCurrentTree
6 silly install readGlobalPackageData
7 silly fetchPackageMetaData babel
8 silly fetchNamedPackageData babel
9 silly mapToRegistry name babel
10 silly mapToRegistry using default registry
11 silly mapToRegistry registry https://registry.npmjs.org/
12 silly mapToRegistry data Result {
12 silly mapToRegistry   raw: 'babel',
12 silly mapToRegistry   scope: null,
12 silly mapToRegistry   escapedName: 'babel',
12 silly mapToRegistry   name: 'babel',
12 silly mapToRegistry   rawSpec: '',
12 silly mapToRegistry   spec: 'latest',
12 silly mapToRegistry   type: 'tag' }
13 silly mapToRegistry uri https://registry.npmjs.org/babel
14 verbose request uri https://registry.npmjs.org/babel
15 verbose request no auth needed
16 info attempt registry request try #1 at 16:15:39
17 verbose request using bearer token for auth
18 verbose request id c08cfedd7699455a
19 verbose etag W/"58a25a1f-3c71c"
20 verbose lastModified Tue, 14 Feb 2017 01:15:11 GMT
21 http request GET https://registry.npmjs.org/babel
22 http 304 https://registry.npmjs.org/babel
23 verbose headers { server: 'nginx/1.10.1',
23 verbose headers   'last-modified': 'Tue, 14 Feb 2017 01:15:11 GMT',
23 verbose headers   etag: '"58a25a1f-3c71c"',
23 verbose headers   'cache-control': 'max-age=300',
23 verbose headers   'accept-ranges': 'bytes',
23 verbose headers   date: 'Mon, 27 Feb 2017 08:15:40 GMT',
23 verbose headers   via: '1.1 varnish',
23 verbose headers   connection: 'keep-alive',
23 verbose headers   'x-served-by': 'cache-nrt6129-NRT',
23 verbose headers   'x-cache': 'MISS',
23 verbose headers   'x-cache-hits': '0',
23 verbose headers   'x-timer': 'S1488183340.064508,VS0,VE129',
23 verbose headers   vary: 'Accept-Encoding' }
24 silly get cb [ 304,
24 silly get   { server: 'nginx/1.10.1',
24 silly get     'last-modified': 'Tue, 14 Feb 2017 01:15:11 GMT',
24 silly get     etag: '"58a25a1f-3c71c"',
24 silly get     'cache-control': 'max-age=300',
24 silly get     'accept-ranges': 'bytes',
24 silly get     date: 'Mon, 27 Feb 2017 08:15:40 GMT',
24 silly get     via: '1.1 varnish',
24 silly get     connection: 'keep-alive',
24 silly get     'x-served-by': 'cache-nrt6129-NRT',
24 silly get     'x-cache': 'MISS',
24 silly get     'x-cache-hits': '0',
24 silly get     'x-timer': 'S1488183340.064508,VS0,VE129',
24 silly get     vary: 'Accept-Encoding' } ]
25 verbose etag https://registry.npmjs.org/babel from cache
26 verbose get saving babel to C:\Users\dt\AppData\Roaming\npm-cache\registry.npmjs.org\babel\.cache.json
27 verbose correctMkdir C:\Users\dt\AppData\Roaming\npm-cache correctMkdir not in flight; initializing
28 silly install normalizeTree
29 silly loadCurrentTree Finishing
30 silly loadIdealTree Starting
31 silly install loadIdealTree
32 silly cloneCurrentTree Starting
33 silly install cloneCurrentTreeToIdealTree
34 silly cloneCurrentTree Finishing
35 silly loadShrinkwrap Starting
36 silly install loadShrinkwrap
37 silly loadShrinkwrap Finishing
38 silly loadAllDepsIntoIdealTree Starting
39 silly install loadAllDepsIntoIdealTree
40 silly resolveWithNewModule babel@6.23.0 checking installable status
41 silly cache add args [ 'babel', null ]
42 verbose cache add spec babel
43 silly cache add parsed spec Result {
43 silly cache add   raw: 'babel',
43 silly cache add   scope: null,
43 silly cache add   escapedName: 'babel',
43 silly cache add   name: 'babel',
43 silly cache add   rawSpec: '',
43 silly cache add   spec: 'latest',
43 silly cache add   type: 'tag' }
44 silly addNamed babel@latest
45 verbose addNamed "latest" is being treated as a dist-tag for babel
46 info addNameTag [ 'babel', 'latest' ]
47 silly mapToRegistry name babel
48 silly mapToRegistry using default registry
49 silly mapToRegistry registry https://registry.npmjs.org/
50 silly mapToRegistry data Result {
50 silly mapToRegistry   raw: 'babel',
50 silly mapToRegistry   scope: null,
50 silly mapToRegistry   escapedName: 'babel',
50 silly mapToRegistry   name: 'babel',
50 silly mapToRegistry   rawSpec: '',
50 silly mapToRegistry   spec: 'latest',
50 silly mapToRegistry   type: 'tag' }
51 silly mapToRegistry uri https://registry.npmjs.org/babel
52 verbose addNameTag registry:https://registry.npmjs.org/babel not in flight; fetching
53 verbose get https://registry.npmjs.org/babel not expired, no request
54 silly addNameTag next cb for babel with tag latest
55 silly addNamed babel@6.23.0
56 verbose addNamed "6.23.0" is a plain semver version for babel
57 silly cache afterAdd babel@6.23.0
58 verbose afterAdd C:\Users\dt\AppData\Roaming\npm-cache\babel\6.23.0\package\package.json not in flight; writing
59 verbose correctMkdir C:\Users\dt\AppData\Roaming\npm-cache correctMkdir not in flight; initializing
60 verbose afterAdd C:\Users\dt\AppData\Roaming\npm-cache\babel\6.23.0\package\package.json written
61 silly loadAllDepsIntoIdealTree Finishing
62 silly loadIdealTree Finishing
63 silly currentTree node-v7.3.0
64 silly idealTree node-v7.3.0
64 silly idealTree `-- babel@6.23.0
65 silly generateActionsToTake Starting
66 silly install generateActionsToTake
67 silly generateActionsToTake Finishing
68 silly diffTrees action count 1
69 silly diffTrees add babel@6.23.0
70 silly decomposeActions action count 8
71 silly decomposeActions fetch babel@6.23.0
72 silly decomposeActions extract babel@6.23.0
73 silly decomposeActions test babel@6.23.0
74 silly decomposeActions preinstall babel@6.23.0
75 silly decomposeActions build babel@6.23.0
76 silly decomposeActions install babel@6.23.0
77 silly decomposeActions postinstall babel@6.23.0
78 silly decomposeActions finalize babel@6.23.0
79 silly runTopLevelLifecycles Starting
80 silly executeActions Starting
81 silly install executeActions
82 silly doSerial global-install 0
83 silly doParallel fetch 1
84 verbose correctMkdir C:\Users\dt\AppData\Roaming\npm-cache\_locks correctMkdir not in flight; initializing
85 verbose lock using C:\Users\dt\AppData\Roaming\npm-cache\_locks\staging-cb0fc89bce575a96.lock for C:\Program Files (x86)\node-v7.3.0\node_modules\.staging
86 verbose unlock done using C:\Users\dt\AppData\Roaming\npm-cache\_locks\staging-cb0fc89bce575a96.lock for C:\Program Files (x86)\node-v7.3.0\node_modules\.staging
87 silly rollbackFailedOptional Starting
88 silly rollbackFailedOptional Finishing
89 silly runTopLevelLifecycles Finishing
90 silly install printInstalled
91 verbose stack Error: EPERM: operation not permitted, mkdir 'C:\Program Files (x86)\node-v7.3.0\node_modules\.staging'
92 verbose cwd C:\Users\dt\Desktop\pFS
93 error Windows_NT 6.1.7601
94 error argv "C:\\Program Files (x86)\\node-v7.3.0\\node.exe" "C:\\Program Files (x86)\\node-v7.3.0\\node_modules\\npm\\bin\\npm-cli.js" "install" "-g" "babel"
95 error node v7.3.0
96 error npm  v3.10.10
97 error path C:\Program Files (x86)\node-v7.3.0\node_modules\.staging
98 error code EPERM
99 error errno -4048
100 error syscall mkdir
101 error Error: EPERM: operation not permitted, mkdir 'C:\Program Files (x86)\node-v7.3.0\node_modules\.staging'
101 error  { Error: EPERM: operation not permitted, mkdir 'C:\Program Files (x86)\node-v7.3.0\node_modules\.staging'
101 error   errno: -4048,
101 error   code: 'EPERM',
101 error   syscall: 'mkdir',
101 error   path: 'C:\\Program Files (x86)\\node-v7.3.0\\node_modules\\.staging' }
102 error Please try running this command again as root/Administrator.
103 verbose exit [ -4048, true ]
